<?xml version="1.0" encoding="UTF-8"?>
<!-- Generated by org.testng.reporters.JUnitReportReporter -->
<testsuite hostname="MacBook-Pro-de-Pablo.local" name="scripts.caso0000_Flujo_Completo" tests="20" failures="0" timestamp="21 Aug 2019 20:24:21 GMT" time="98.812" errors="0">
  <testcase name="enviarMensajeDuranteLlamada" time="7.779" classname="scripts.caso0000_Flujo_Completo"/>
  <testcase name="ingresarPASS" time="5.373" classname="scripts.caso0000_Flujo_Completo"/>
  <testcase name="ingresarRUT" time="2.527" classname="scripts.caso0000_Flujo_Completo"/>
  <testcase name="modificarDatosClienteAfpActual" time="4.928" classname="scripts.caso0000_Flujo_Completo"/>
  <testcase name="modificarDatosClienteTelÃ©fono" time="4.657" classname="scripts.caso0000_Flujo_Completo"/>
  <testcase name="guardarDatos" time="8.117" classname="scripts.caso0000_Flujo_Completo"/>
  <testcase name="modificarDatosClienteCorreo" time="4.689" classname="scripts.caso0000_Flujo_Completo"/>
  <testcase name="agregarNota" time="2.133" classname="scripts.caso0000_Flujo_Completo"/>
  <testcase name="modificarDatosClienteFDN" time="4.564" classname="scripts.caso0000_Flujo_Completo"/>
  <testcase name="modificarDatosClienteGenero" time="4.858" classname="scripts.caso0000_Flujo_Completo"/>
  <testcase name="modificarDatosClienteNombre" time="4.722" classname="scripts.caso0000_Flujo_Completo"/>
  <testcase name="iniciandoLlamada" time="9.443" classname="scripts.caso0000_Flujo_Completo"/>
  <testcase name="ingresoDashboard" time="2.659" classname="scripts.caso0000_Flujo_Completo"/>
  <testcase name="modificarDatosClienteApeliido" time="4.621" classname="scripts.caso0000_Flujo_Completo"/>
  <testcase name="finalizarLlamada" time="8.511" classname="scripts.caso0000_Flujo_Completo"/>
  <testcase name="cargarEvidencias" time="3.009" classname="scripts.caso0000_Flujo_Completo"/>
  <testcase name="modificarDatoClienteNombre" time="2.158" classname="scripts.caso0000_Flujo_Completo"/>
  <testcase name="seleccionDeEstadoCierre" time="3.421" classname="scripts.caso0000_Flujo_Completo"/>
  <testcase name="modificarDatosClienteRUT" time="4.682" classname="scripts.caso0000_Flujo_Completo"/>
  <testcase name="cerrarSesion" time="5.961" classname="scripts.caso0000_Flujo_Completo"/>
</testsuite> <!-- scripts.caso0000_Flujo_Completo -->
