<?xml version="1.0" encoding="UTF-8"?>
<!-- Generated by org.testng.reporters.JUnitReportReporter -->
<testsuite hostname="MacBook-Pro-de-Pablo.local" name="scripts.caso0080_Actualizar_apellido_de_cliente_formato_incorrecto" tests="11" failures="0" timestamp="10 Sep 2019 17:20:23 GMT" time="44.271" errors="0">
  <testcase name="ingresoDashboard" time="3.241" classname="scripts.caso0080_Actualizar_apellido_de_cliente_formato_incorrecto"/>
  <testcase name="modificarDatosClienteApeliido" time="4.689" classname="scripts.caso0080_Actualizar_apellido_de_cliente_formato_incorrecto"/>
  <testcase name="agregarNota" time="2.150" classname="scripts.caso0080_Actualizar_apellido_de_cliente_formato_incorrecto"/>
  <testcase name="ingresarPASS" time="5.372" classname="scripts.caso0080_Actualizar_apellido_de_cliente_formato_incorrecto"/>
  <testcase name="ingresarRUT" time="3.213" classname="scripts.caso0080_Actualizar_apellido_de_cliente_formato_incorrecto"/>
  <testcase name="finalizarLlamada" time="4.486" classname="scripts.caso0080_Actualizar_apellido_de_cliente_formato_incorrecto"/>
  <testcase name="seleccionDeEstadoCierre" time="3.418" classname="scripts.caso0080_Actualizar_apellido_de_cliente_formato_incorrecto"/>
  <testcase name="cerrarSesion" time="5.989" classname="scripts.caso0080_Actualizar_apellido_de_cliente_formato_incorrecto"/>
  <testcase name="cargarEvidencias" time="3.015" classname="scripts.caso0080_Actualizar_apellido_de_cliente_formato_incorrecto"/>
  <testcase name="guardarDatos" time="2.768" classname="scripts.caso0080_Actualizar_apellido_de_cliente_formato_incorrecto"/>
  <testcase name="iniciandoLlamada" time="5.930" classname="scripts.caso0080_Actualizar_apellido_de_cliente_formato_incorrecto"/>
</testsuite> <!-- scripts.caso0080_Actualizar_apellido_de_cliente_formato_incorrecto -->
