<?xml version="1.0" encoding="UTF-8"?>
<!-- Generated by org.testng.reporters.JUnitReportReporter -->
<testsuite hostname="MacBook-Pro-de-Pablo.local" name="scripts.caso0003_Iniciar_Sesion_con_un_RUT_no_registrado_en_Hooly" tests="3" failures="0" timestamp="12 Sep 2019 13:44:24 GMT" time="11.685" errors="0">
  <testcase name="ingresarRUTnoHooly" time="3.219" classname="scripts.caso0003_Iniciar_Sesion_con_un_RUT_no_registrado_en_Hooly"/>
  <testcase name="cargarEvidencias" time="3.011" classname="scripts.caso0003_Iniciar_Sesion_con_un_RUT_no_registrado_en_Hooly"/>
  <testcase name="ingresarPASS" time="5.455" classname="scripts.caso0003_Iniciar_Sesion_con_un_RUT_no_registrado_en_Hooly"/>
</testsuite> <!-- scripts.caso0003_Iniciar_Sesion_con_un_RUT_no_registrado_en_Hooly -->
