<?xml version="1.0" encoding="UTF-8"?>
<!-- Generated by org.testng.reporters.JUnitReportReporter -->
<testsuite hostname="MacBook-Pro-de-Pablo.local" name="scripts.caso0074_Re_enviar_SMS" tests="8" failures="0" timestamp="10 Sep 2019 16:33:33 GMT" time="52.383" errors="0">
  <testcase name="validarPagBienvenidos" time="14.184" classname="scripts.caso0074_Re_enviar_SMS"/>
  <testcase name="cancelarLlamada" time="3.882" classname="scripts.caso0074_Re_enviar_SMS"/>
  <testcase name="ingresarPASS" time="5.377" classname="scripts.caso0074_Re_enviar_SMS"/>
  <testcase name="ingresarRUT" time="3.206" classname="scripts.caso0074_Re_enviar_SMS"/>
  <testcase name="cargarEvidencias" time="3.006" classname="scripts.caso0074_Re_enviar_SMS"/>
  <testcase name="cerrarSesion" time="4.778" classname="scripts.caso0074_Re_enviar_SMS"/>
  <testcase name="enviarSMS" time="9.992" classname="scripts.caso0074_Re_enviar_SMS"/>
  <testcase name="reEnviarSMS" time="7.958" classname="scripts.caso0074_Re_enviar_SMS"/>
</testsuite> <!-- scripts.caso0074_Re_enviar_SMS -->
