<?xml version="1.0" encoding="UTF-8"?>
<!-- Generated by org.testng.reporters.JUnitReportReporter -->
<testsuite hostname="MacBook-Pro-de-Pablo.local" name="scripts.caso0006_Rut_registrado_contrasena_no_valida" tests="3" failures="0" timestamp="2 Sep 2019 20:00:00 GMT" time="11.983" errors="0">
  <testcase name="cargarEvidencias" time="3.005" classname="scripts.caso0006_Rut_registrado_contrasena_no_valida"/>
  <testcase name="ingresarRUT" time="3.496" classname="scripts.caso0006_Rut_registrado_contrasena_no_valida"/>
  <testcase name="ingresarPASS" time="5.482" classname="scripts.caso0006_Rut_registrado_contrasena_no_valida"/>
</testsuite> <!-- scripts.caso0006_Rut_registrado_contrasena_no_valida -->
