<?xml version="1.0" encoding="UTF-8"?>
<!-- Generated by org.testng.reporters.JUnitReportReporter -->
<testsuite hostname="MacBook-Pro-de-Pablo.local" name="scripts.caso0000_Flujo_Completo" tests="20" failures="0" timestamp="21 Aug 2019 20:36:02 GMT" time="99.287" errors="0">
  <testcase name="enviarMensajeDuranteLlamada" time="7.812" classname="scripts.caso0000_Flujo_Completo"/>
  <testcase name="ingresarPASS" time="5.379" classname="scripts.caso0000_Flujo_Completo"/>
  <testcase name="ingresarRUT" time="2.558" classname="scripts.caso0000_Flujo_Completo"/>
  <testcase name="modificarDatosClienteAfpActual" time="4.933" classname="scripts.caso0000_Flujo_Completo"/>
  <testcase name="modificarDatosClienteTelÃ©fono" time="4.722" classname="scripts.caso0000_Flujo_Completo"/>
  <testcase name="guardarDatos" time="8.222" classname="scripts.caso0000_Flujo_Completo"/>
  <testcase name="modificarDatosClienteCorreo" time="4.677" classname="scripts.caso0000_Flujo_Completo"/>
  <testcase name="agregarNota" time="2.133" classname="scripts.caso0000_Flujo_Completo"/>
  <testcase name="modificarDatosClienteFDN" time="4.675" classname="scripts.caso0000_Flujo_Completo"/>
  <testcase name="modificarDatosClienteGenero" time="4.886" classname="scripts.caso0000_Flujo_Completo"/>
  <testcase name="modificarDatosClienteNombre" time="4.718" classname="scripts.caso0000_Flujo_Completo"/>
  <testcase name="iniciandoLlamada" time="9.466" classname="scripts.caso0000_Flujo_Completo"/>
  <testcase name="ingresoDashboard" time="2.650" classname="scripts.caso0000_Flujo_Completo"/>
  <testcase name="modificarDatosClienteApeliido" time="4.732" classname="scripts.caso0000_Flujo_Completo"/>
  <testcase name="finalizarLlamada" time="8.502" classname="scripts.caso0000_Flujo_Completo"/>
  <testcase name="cargarEvidencias" time="3.010" classname="scripts.caso0000_Flujo_Completo"/>
  <testcase name="modificarDatoClienteNombre" time="2.150" classname="scripts.caso0000_Flujo_Completo"/>
  <testcase name="seleccionDeEstadoCierre" time="3.473" classname="scripts.caso0000_Flujo_Completo"/>
  <testcase name="modificarDatosClienteRUT" time="4.614" classname="scripts.caso0000_Flujo_Completo"/>
  <testcase name="cerrarSesion" time="5.975" classname="scripts.caso0000_Flujo_Completo"/>
</testsuite> <!-- scripts.caso0000_Flujo_Completo -->
