<?xml version="1.0" encoding="UTF-8"?>
<!-- Generated by org.testng.reporters.JUnitReportReporter -->
<testsuite hostname="MacBook-Pro-de-Pablo.local" name="scripts.caso0067_Dejar_el_campo_RUT_vacio_y_guardar" tests="11" failures="0" timestamp="10 Sep 2019 15:29:52 GMT" time="48.360" errors="0">
  <testcase name="ingresoDashboard" time="3.265" classname="scripts.caso0067_Dejar_el_campo_RUT_vacio_y_guardar"/>
  <testcase name="finalizarLlamada" time="8.460" classname="scripts.caso0067_Dejar_el_campo_RUT_vacio_y_guardar"/>
  <testcase name="agregarNota" time="2.219" classname="scripts.caso0067_Dejar_el_campo_RUT_vacio_y_guardar"/>
  <testcase name="ingresarPASS" time="5.390" classname="scripts.caso0067_Dejar_el_campo_RUT_vacio_y_guardar"/>
  <testcase name="ingresarRUT" time="3.231" classname="scripts.caso0067_Dejar_el_campo_RUT_vacio_y_guardar"/>
  <testcase name="modificarDatosClienteRUT" time="4.641" classname="scripts.caso0067_Dejar_el_campo_RUT_vacio_y_guardar"/>
  <testcase name="seleccionDeEstadoCierre" time="3.391" classname="scripts.caso0067_Dejar_el_campo_RUT_vacio_y_guardar"/>
  <testcase name="cerrarSesion" time="6.014" classname="scripts.caso0067_Dejar_el_campo_RUT_vacio_y_guardar"/>
  <testcase name="cargarEvidencias" time="3.007" classname="scripts.caso0067_Dejar_el_campo_RUT_vacio_y_guardar"/>
  <testcase name="guardarDatos" time="2.763" classname="scripts.caso0067_Dejar_el_campo_RUT_vacio_y_guardar"/>
  <testcase name="iniciandoLlamada" time="5.979" classname="scripts.caso0067_Dejar_el_campo_RUT_vacio_y_guardar"/>
</testsuite> <!-- scripts.caso0067_Dejar_el_campo_RUT_vacio_y_guardar -->
