<?xml version="1.0" encoding="UTF-8"?>
<!-- Generated by org.testng.reporters.JUnitReportReporter -->
<testsuite hostname="MacBook-Pro-de-Pablo.local" name="scripts.caso0010_Validar_Sesion_con_credenciales_validadas_para_ingresar_a_Hooly" tests="5" failures="0" timestamp="2 Sep 2019 16:01:57 GMT" time="15.993" errors="0">
  <testcase name="ingresarRUT" time="3.250" classname="scripts.caso0010_Validar_Sesion_con_credenciales_validadas_para_ingresar_a_Hooly"/>
  <testcase name="cerrarSesion" time="4.720" classname="scripts.caso0010_Validar_Sesion_con_credenciales_validadas_para_ingresar_a_Hooly"/>
  <testcase name="cargarEvidencias" time="3.009" classname="scripts.caso0010_Validar_Sesion_con_credenciales_validadas_para_ingresar_a_Hooly"/>
  <testcase name="validarPagBienvenidos" time="2.518" classname="scripts.caso0010_Validar_Sesion_con_credenciales_validadas_para_ingresar_a_Hooly"/>
  <testcase name="ingresarPASS" time="2.496" classname="scripts.caso0010_Validar_Sesion_con_credenciales_validadas_para_ingresar_a_Hooly"/>
</testsuite> <!-- scripts.caso0010_Validar_Sesion_con_credenciales_validadas_para_ingresar_a_Hooly -->
