<?xml version="1.0" encoding="UTF-8"?>
<!-- Generated by org.testng.reporters.JUnitReportReporter -->
<testsuite hostname="MacBook-Pro-de-Pablo.local" name="scripts.caso0001_Validar_valor_rut_invalido" tests="2" failures="0" timestamp="14 Aug 2019 17:53:29 GMT" time="4.812" errors="0">
  <testcase name="cargarEvidencias" time="3.006" classname="scripts.caso0001_Validar_valor_rut_invalido"/>
  <testcase name="ingresarRutInvalido" time="1.806" classname="scripts.caso0001_Validar_valor_rut_invalido"/>
</testsuite> <!-- scripts.caso0001_Validar_valor_rut_invalido -->
