<?xml version="1.0" encoding="UTF-8"?>
<!-- Generated by org.testng.reporters.JUnitReportReporter -->
<testsuite hostname="MacBook-Pro-de-Pablo.local" name="scripts.caso0075_Reenvio_sms_durante_llamada" tests="8" failures="0" timestamp="16 Aug 2019 15:56:06 GMT" time="48.378" errors="0">
  <testcase name="validarPagBienvenidos" time="12.199" classname="scripts.caso0075_Reenvio_sms_durante_llamada"/>
  <testcase name="cancelarLlamada" time="3.875" classname="scripts.caso0075_Reenvio_sms_durante_llamada"/>
  <testcase name="cargarEvidencias" time="1.004" classname="scripts.caso0075_Reenvio_sms_durante_llamada"/>
  <testcase name="ingresarPASS" time="5.392" classname="scripts.caso0075_Reenvio_sms_durante_llamada"/>
  <testcase name="ingresarRUT" time="3.207" classname="scripts.caso0075_Reenvio_sms_durante_llamada"/>
  <testcase name="cerrarSesion" time="4.764" classname="scripts.caso0075_Reenvio_sms_durante_llamada"/>
  <testcase name="enviarSMS" time="9.997" classname="scripts.caso0075_Reenvio_sms_durante_llamada"/>
  <testcase name="reenviarSMS" time="7.940" classname="scripts.caso0075_Reenvio_sms_durante_llamada"/>
</testsuite> <!-- scripts.caso0075_Reenvio_sms_durante_llamada -->
