<?xml version="1.0" encoding="UTF-8"?>
<!-- Generated by org.testng.reporters.JUnitReportReporter -->
<testsuite hostname="MacBook-Pro-de-Pablo.local" name="scripts.caso0103_Seleccionar_estado_Cerrado_sin_ingresar_cierre_y_notas" tests="9" failures="0" timestamp="12 Sep 2019 15:42:32 GMT" time="47.993" errors="0">
  <testcase name="ingresoDashboard" time="3.274" classname="scripts.caso0103_Seleccionar_estado_Cerrado_sin_ingresar_cierre_y_notas"/>
  <testcase name="seleccionDeEstadoCierre" time="3.200" classname="scripts.caso0103_Seleccionar_estado_Cerrado_sin_ingresar_cierre_y_notas"/>
  <testcase name="cerrarSesion" time="5.934" classname="scripts.caso0103_Seleccionar_estado_Cerrado_sin_ingresar_cierre_y_notas"/>
  <testcase name="cargarEvidencias" time="3.009" classname="scripts.caso0103_Seleccionar_estado_Cerrado_sin_ingresar_cierre_y_notas"/>
  <testcase name="ingresarPASS" time="5.368" classname="scripts.caso0103_Seleccionar_estado_Cerrado_sin_ingresar_cierre_y_notas"/>
  <testcase name="ingresarRUT" time="3.185" classname="scripts.caso0103_Seleccionar_estado_Cerrado_sin_ingresar_cierre_y_notas"/>
  <testcase name="finalizarLlamada" time="8.471" classname="scripts.caso0103_Seleccionar_estado_Cerrado_sin_ingresar_cierre_y_notas"/>
  <testcase name="guardarDatos" time="5.139" classname="scripts.caso0103_Seleccionar_estado_Cerrado_sin_ingresar_cierre_y_notas"/>
  <testcase name="iniciandoLlamada" time="10.413" classname="scripts.caso0103_Seleccionar_estado_Cerrado_sin_ingresar_cierre_y_notas"/>
</testsuite> <!-- scripts.caso0103_Seleccionar_estado_Cerrado_sin_ingresar_cierre_y_notas -->
