<?xml version="1.0" encoding="UTF-8"?>
<!-- Generated by org.testng.reporters.JUnitReportReporter -->
<testsuite hostname="MacBook-Pro-de-Pablo.local" name="scripts.caso0023_Actualizar_Pantalla_de_Bienvenidos_a_Hooly_F5" tests="4" failures="0" timestamp="6 Sep 2019 15:01:05 GMT" time="18.998" errors="0">
  <testcase name="ingresarRUT" time="3.116" classname="scripts.caso0023_Actualizar_Pantalla_de_Bienvenidos_a_Hooly_F5"/>
  <testcase name="cargarEvidencias" time="3.009" classname="scripts.caso0023_Actualizar_Pantalla_de_Bienvenidos_a_Hooly_F5"/>
  <testcase name="ingresarPASS" time="5.342" classname="scripts.caso0023_Actualizar_Pantalla_de_Bienvenidos_a_Hooly_F5"/>
  <testcase name="validarPagBienvenidos" time="7.531" classname="scripts.caso0023_Actualizar_Pantalla_de_Bienvenidos_a_Hooly_F5"/>
</testsuite> <!-- scripts.caso0023_Actualizar_Pantalla_de_Bienvenidos_a_Hooly_F5 -->
