<?xml version="1.0" encoding="UTF-8"?>
<!-- Generated by org.testng.reporters.JUnitReportReporter -->
<testsuite hostname="MacBook-Pro-de-Pablo.local" name="scripts.caso0085_Actualizar_selecciona_tu_afp_actual_de_formato_correcto" tests="11" failures="0" timestamp="12 Sep 2019 14:03:53 GMT" time="47.777" errors="0">
  <testcase name="ingresoDashboard" time="3.270" classname="scripts.caso0085_Actualizar_selecciona_tu_afp_actual_de_formato_correcto"/>
  <testcase name="modificarDatosClienteAfpActual" time="4.894" classname="scripts.caso0085_Actualizar_selecciona_tu_afp_actual_de_formato_correcto"/>
  <testcase name="agregarNota" time="2.152" classname="scripts.caso0085_Actualizar_selecciona_tu_afp_actual_de_formato_correcto"/>
  <testcase name="ingresarPASS" time="5.346" classname="scripts.caso0085_Actualizar_selecciona_tu_afp_actual_de_formato_correcto"/>
  <testcase name="ingresarRUT" time="3.188" classname="scripts.caso0085_Actualizar_selecciona_tu_afp_actual_de_formato_correcto"/>
  <testcase name="finalizarLlamada" time="5.438" classname="scripts.caso0085_Actualizar_selecciona_tu_afp_actual_de_formato_correcto"/>
  <testcase name="seleccionDeEstadoCierre" time="3.424" classname="scripts.caso0085_Actualizar_selecciona_tu_afp_actual_de_formato_correcto"/>
  <testcase name="cerrarSesion" time="5.934" classname="scripts.caso0085_Actualizar_selecciona_tu_afp_actual_de_formato_correcto"/>
  <testcase name="cargarEvidencias" time="3.005" classname="scripts.caso0085_Actualizar_selecciona_tu_afp_actual_de_formato_correcto"/>
  <testcase name="guardarDatos" time="2.749" classname="scripts.caso0085_Actualizar_selecciona_tu_afp_actual_de_formato_correcto"/>
  <testcase name="iniciandoLlamada" time="8.377" classname="scripts.caso0085_Actualizar_selecciona_tu_afp_actual_de_formato_correcto"/>
</testsuite> <!-- scripts.caso0085_Actualizar_selecciona_tu_afp_actual_de_formato_correcto -->
