<?xml version="1.0" encoding="UTF-8"?>
<!-- Generated by org.testng.reporters.JUnitReportReporter -->
<testsuite hostname="MacBook-Pro-de-Pablo.local" name="scripts.caso0007_Rut_distinto_activo" tests="7" failures="0" timestamp="19 Aug 2019 15:58:01 GMT" time="32.495" errors="0">
  <testcase name="ingresarRUT" time="2.545" classname="scripts.caso0007_Rut_distinto_activo"/>
  <testcase name="cerrarSesion" time="5.224" classname="scripts.caso0007_Rut_distinto_activo"/>
  <testcase name="validarPagBienvenidos" time="2.677" classname="scripts.caso0007_Rut_distinto_activo"/>
  <testcase name="llamadorEsperandoLead" time="10.725" classname="scripts.caso0007_Rut_distinto_activo"/>
  <testcase name="cargarEvidencias" time="3.006" classname="scripts.caso0007_Rut_distinto_activo"/>
  <testcase name="ingresarPASS" time="5.400" classname="scripts.caso0007_Rut_distinto_activo"/>
  <testcase name="iniciarLlamador" time="2.918" classname="scripts.caso0007_Rut_distinto_activo"/>
</testsuite> <!-- scripts.caso0007_Rut_distinto_activo -->
