<?xml version="1.0" encoding="UTF-8"?>
<!-- Generated by org.testng.reporters.JUnitReportReporter -->
<testsuite hostname="MacBook-Pro-de-Pablo.local" name="scripts.caso0074_Envio_sms_durante_llamada" tests="7" failures="0" timestamp="16 Aug 2019 15:53:58 GMT" time="38.446" errors="0">
  <testcase name="ingresarRUT" time="3.237" classname="scripts.caso0074_Envio_sms_durante_llamada"/>
  <testcase name="enviarSMS" time="8.004" classname="scripts.caso0074_Envio_sms_durante_llamada"/>
  <testcase name="cerrarSesion" time="4.743" classname="scripts.caso0074_Envio_sms_durante_llamada"/>
  <testcase name="cancelarLlamada" time="3.826" classname="scripts.caso0074_Envio_sms_durante_llamada"/>
  <testcase name="validarPagBienvenidos" time="12.231" classname="scripts.caso0074_Envio_sms_durante_llamada"/>
  <testcase name="cargarEvidencias" time="1.003" classname="scripts.caso0074_Envio_sms_durante_llamada"/>
  <testcase name="ingresarPASS" time="5.402" classname="scripts.caso0074_Envio_sms_durante_llamada"/>
</testsuite> <!-- scripts.caso0074_Envio_sms_durante_llamada -->
