<?xml version="1.0" encoding="UTF-8"?>
<!-- Generated by org.testng.reporters.JUnitReportReporter -->
<testsuite hostname="MBP-de-Pablo" name="scripts.caso0030_Cambiar_a_estado_Ready" tests="6" failures="0" timestamp="10 Sep 2019 00:25:50 GMT" time="21.087" errors="0">
  <testcase name="ingresarRUT" time="2.116" classname="scripts.caso0030_Cambiar_a_estado_Ready"/>
  <testcase name="cambioEstado" time="4.235" classname="scripts.caso0030_Cambiar_a_estado_Ready"/>
  <testcase name="cerrarSesion" time="3.261" classname="scripts.caso0030_Cambiar_a_estado_Ready"/>
  <testcase name="cargarEvidencias" time="3.005" classname="scripts.caso0030_Cambiar_a_estado_Ready"/>
  <testcase name="ingresarPASS" time="4.638" classname="scripts.caso0030_Cambiar_a_estado_Ready"/>
  <testcase name="validarPagBienvenidos" time="3.832" classname="scripts.caso0030_Cambiar_a_estado_Ready"/>
</testsuite> <!-- scripts.caso0030_Cambiar_a_estado_Ready -->
