<?xml version="1.0" encoding="UTF-8"?>
<!-- Generated by org.testng.reporters.JUnitReportReporter -->
<testsuite hostname="MacBook-Pro-de-Pablo.local" name="scripts.caso0009_Iniciar_Sesion_sin_contraseña" tests="3" failures="0" timestamp="19 Aug 2019 15:31:10 GMT" time="11.540" errors="0">
  <testcase name="ingresarRUT" time="3.240" classname="scripts.caso0009_Iniciar_Sesion_sin_contraseña"/>
  <testcase name="cargarEvidencias" time="3.009" classname="scripts.caso0009_Iniciar_Sesion_sin_contraseña"/>
  <testcase name="ingresarPASS" time="5.291" classname="scripts.caso0009_Iniciar_Sesion_sin_contraseña"/>
</testsuite> <!-- scripts.caso0009_Iniciar_Sesion_sin_contraseña -->
