<?xml version="1.0" encoding="UTF-8"?>
<!-- Generated by org.testng.reporters.JUnitReportReporter -->
<testsuite hostname="MacBook-Pro-de-Pablo.local" name="scripts.caso0026_Cambiar_estado_almuerzo" tests="6" failures="0" timestamp="19 Aug 2019 15:46:59 GMT" time="26.196" errors="0">
  <testcase name="ingresarRUT" time="3.257" classname="scripts.caso0026_Cambiar_estado_almuerzo"/>
  <testcase name="cambioEstadoAlmuerzo" time="4.984" classname="scripts.caso0026_Cambiar_estado_almuerzo"/>
  <testcase name="validarPagBienvenidos" time="4.668" classname="scripts.caso0026_Cambiar_estado_almuerzo"/>
  <testcase name="cerrarSesion" time="4.909" classname="scripts.caso0026_Cambiar_estado_almuerzo"/>
  <testcase name="cargarEvidencias" time="3.005" classname="scripts.caso0026_Cambiar_estado_almuerzo"/>
  <testcase name="ingresarPASS" time="5.373" classname="scripts.caso0026_Cambiar_estado_almuerzo"/>
</testsuite> <!-- scripts.caso0026_Cambiar_estado_almuerzo -->
