<?xml version="1.0" encoding="UTF-8"?>
<!-- Generated by org.testng.reporters.JUnitReportReporter -->
<testsuite hostname="MacBook-Pro-de-Pablo.local" name="scripts.caso0002_Rut_no_registrado_SalesForce" tests="3" failures="0" timestamp="14 Aug 2019 15:13:20 GMT" time="9.200" errors="0">
  <testcase name="ingresarPASS" time="5.524" classname="scripts.caso0002_Rut_no_registrado_SalesForce"/>
  <testcase name="ingresarRUTnoSalesForce" time="2.670" classname="scripts.caso0002_Rut_no_registrado_SalesForce"/>
  <testcase name="cargarEvidencias" time="1.006" classname="scripts.caso0002_Rut_no_registrado_SalesForce"/>
</testsuite> <!-- scripts.caso0002_Rut_no_registrado_SalesForce -->
