<?xml version="1.0" encoding="UTF-8"?>
<!-- Generated by org.testng.reporters.JUnitReportReporter -->
<testsuite hostname="MacBook-Pro-de-Pablo.local" name="scripts.caso0082_Actualizar_RUT_de_cliente_formato_incorrecto" tests="11" failures="0" timestamp="10 Sep 2019 17:49:04 GMT" time="45.060" errors="0">
  <testcase name="ingresoDashboard" time="3.254" classname="scripts.caso0082_Actualizar_RUT_de_cliente_formato_incorrecto"/>
  <testcase name="modificarDatosClienteRUT" time="4.683" classname="scripts.caso0082_Actualizar_RUT_de_cliente_formato_incorrecto"/>
  <testcase name="seleccionDeEstadoCierre" time="3.401" classname="scripts.caso0082_Actualizar_RUT_de_cliente_formato_incorrecto"/>
  <testcase name="agregarNota" time="2.168" classname="scripts.caso0082_Actualizar_RUT_de_cliente_formato_incorrecto"/>
  <testcase name="ingresarPASS" time="5.390" classname="scripts.caso0082_Actualizar_RUT_de_cliente_formato_incorrecto"/>
  <testcase name="ingresarRUT" time="3.234" classname="scripts.caso0082_Actualizar_RUT_de_cliente_formato_incorrecto"/>
  <testcase name="finalizarLlamada" time="2.771" classname="scripts.caso0082_Actualizar_RUT_de_cliente_formato_incorrecto"/>
  <testcase name="cerrarSesion" time="5.958" classname="scripts.caso0082_Actualizar_RUT_de_cliente_formato_incorrecto"/>
  <testcase name="cargarEvidencias" time="3.011" classname="scripts.caso0082_Actualizar_RUT_de_cliente_formato_incorrecto"/>
  <testcase name="guardarDatos" time="2.772" classname="scripts.caso0082_Actualizar_RUT_de_cliente_formato_incorrecto"/>
  <testcase name="iniciandoLlamada" time="8.418" classname="scripts.caso0082_Actualizar_RUT_de_cliente_formato_incorrecto"/>
</testsuite> <!-- scripts.caso0082_Actualizar_RUT_de_cliente_formato_incorrecto -->
