<?xml version="1.0" encoding="UTF-8"?>
<!-- Generated by org.testng.reporters.JUnitReportReporter -->
<testsuite hostname="MacBook-Pro-de-Pablo.local" name="scripts.caso0010_Iniciar_Sesion_correctamente" tests="5" failures="0" timestamp="19 Aug 2019 15:51:48 GMT" time="15.856" errors="0">
  <testcase name="ingresarRUT" time="3.242" classname="scripts.caso0010_Iniciar_Sesion_correctamente"/>
  <testcase name="cerrarSesion" time="4.653" classname="scripts.caso0010_Iniciar_Sesion_correctamente"/>
  <testcase name="validarPagBienvenidos" time="2.482" classname="scripts.caso0010_Iniciar_Sesion_correctamente"/>
  <testcase name="cargarEvidencias" time="3.008" classname="scripts.caso0010_Iniciar_Sesion_correctamente"/>
  <testcase name="ingresarPASS" time="2.471" classname="scripts.caso0010_Iniciar_Sesion_correctamente"/>
</testsuite> <!-- scripts.caso0010_Iniciar_Sesion_correctamente -->
