<?xml version="1.0" encoding="UTF-8"?>
<!-- Generated by org.testng.reporters.JUnitReportReporter -->
<testsuite hostname="MacBook-Pro-de-Pablo.local" name="scripts.caso0001_Validar_valor_rut_invalido" tests="4" failures="0" timestamp="14 Aug 2019 07:59:42 GMT" time="13.745" errors="0">
  <testcase name="cerrarBrowser" time="3.849" classname="scripts.caso0001_Validar_valor_rut_invalido"/>
  <testcase name="cargarEvidencias" time="3.009" classname="scripts.caso0001_Validar_valor_rut_invalido"/>
  <testcase name="ejecutarBrowser" time="5.026" classname="scripts.caso0001_Validar_valor_rut_invalido"/>
  <testcase name="ingresarRutInvalido" time="1.861" classname="scripts.caso0001_Validar_valor_rut_invalido"/>
</testsuite> <!-- scripts.caso0001_Validar_valor_rut_invalido -->
