<?xml version="1.0" encoding="UTF-8"?>
<!-- Generated by org.testng.reporters.JUnitReportReporter -->
<testsuite hostname="MacBook-Pro-de-Pablo.local" name="scripts.caso0005_Iniciar_Sesion_con_un_RUT_Registrado_en_SalesForce_Hooly_Cognito_sin_permisos_para_realizar_una_llamada" tests="6" failures="0" timestamp="2 Sep 2019 15:56:40 GMT" time="66.220" errors="0">
  <testcase name="ingresarRUT" time="2.579" classname="scripts.caso0005_Iniciar_Sesion_con_un_RUT_Registrado_en_SalesForce_Hooly_Cognito_sin_permisos_para_realizar_una_llamada"/>
  <testcase name="iniciandoLlamada" time="45.516" classname="scripts.caso0005_Iniciar_Sesion_con_un_RUT_Registrado_en_SalesForce_Hooly_Cognito_sin_permisos_para_realizar_una_llamada"/>
  <testcase name="cargarEvidencias" time="3.007" classname="scripts.caso0005_Iniciar_Sesion_con_un_RUT_Registrado_en_SalesForce_Hooly_Cognito_sin_permisos_para_realizar_una_llamada"/>
  <testcase name="ingresarPASS" time="5.388" classname="scripts.caso0005_Iniciar_Sesion_con_un_RUT_Registrado_en_SalesForce_Hooly_Cognito_sin_permisos_para_realizar_una_llamada"/>
  <testcase name="ingresoDashboard" time="3.512" classname="scripts.caso0005_Iniciar_Sesion_con_un_RUT_Registrado_en_SalesForce_Hooly_Cognito_sin_permisos_para_realizar_una_llamada"/>
  <testcase name="cerrarSesion" time="6.218" classname="scripts.caso0005_Iniciar_Sesion_con_un_RUT_Registrado_en_SalesForce_Hooly_Cognito_sin_permisos_para_realizar_una_llamada"/>
</testsuite> <!-- scripts.caso0005_Iniciar_Sesion_con_un_RUT_Registrado_en_SalesForce_Hooly_Cognito_sin_permisos_para_realizar_una_llamada -->
