<?xml version="1.0" encoding="UTF-8"?>
<!-- Generated by org.testng.reporters.JUnitReportReporter -->
<testsuite hostname="MacBook-Pro-de-Pablo.local" name="scripts.caso0009_Validar_Sesion_sin_ingresar_contraseña" tests="3" failures="0" timestamp="2 Sep 2019 15:59:43 GMT" time="11.587" errors="0">
  <testcase name="ingresarRUT" time="3.286" classname="scripts.caso0009_Validar_Sesion_sin_ingresar_contraseña"/>
  <testcase name="cargarEvidencias" time="3.008" classname="scripts.caso0009_Validar_Sesion_sin_ingresar_contraseña"/>
  <testcase name="ingresarPASS" time="5.293" classname="scripts.caso0009_Validar_Sesion_sin_ingresar_contraseña"/>
</testsuite> <!-- scripts.caso0009_Validar_Sesion_sin_ingresar_contraseña -->
