<?xml version="1.0" encoding="UTF-8"?>
<!-- Generated by org.testng.reporters.JUnitReportReporter -->
<testsuite hostname="MacBook-Pro-de-Pablo.local" name="scripts.caso0059_Actualizar_AFP_durante_llamada" tests="8" failures="0" timestamp="16 Aug 2019 15:58:03 GMT" time="38.857" errors="0">
  <testcase name="validarPagBienvenidos" time="12.198" classname="scripts.caso0059_Actualizar_AFP_durante_llamada"/>
  <testcase name="ingresarPASS" time="5.382" classname="scripts.caso0059_Actualizar_AFP_durante_llamada"/>
  <testcase name="cargarEvidencias" time="1.005" classname="scripts.caso0059_Actualizar_AFP_durante_llamada"/>
  <testcase name="ingresarRUT" time="3.209" classname="scripts.caso0059_Actualizar_AFP_durante_llamada"/>
  <testcase name="cancelarLlamada" time="2.700" classname="scripts.caso0059_Actualizar_AFP_durante_llamada"/>
  <testcase name="cerrarLead" time="5.842" classname="scripts.caso0059_Actualizar_AFP_durante_llamada"/>
  <testcase name="actualizarAFP" time="3.728" classname="scripts.caso0059_Actualizar_AFP_durante_llamada"/>
  <testcase name="cerrarSesion" time="4.793" classname="scripts.caso0059_Actualizar_AFP_durante_llamada"/>
</testsuite> <!-- scripts.caso0059_Actualizar_AFP_durante_llamada -->
