<?xml version="1.0" encoding="UTF-8"?>
<!-- Generated by org.testng.reporters.JUnitReportReporter -->
<testsuite hostname="MacBook-Pro-de-Pablo.local" name="scripts.caso0024_Iniciar_Llamada" tests="10" failures="0" timestamp="6 Sep 2019 15:10:28 GMT" time="47.493" errors="0">
  <testcase name="ingresoDashboard" time="3.212" classname="scripts.caso0024_Iniciar_Llamada"/>
  <testcase name="seleccionDeEstadoCierre" time="3.127" classname="scripts.caso0024_Iniciar_Llamada"/>
  <testcase name="agregarNota" time="2.173" classname="scripts.caso0024_Iniciar_Llamada"/>
  <testcase name="ingresarPASS" time="5.321" classname="scripts.caso0024_Iniciar_Llamada"/>
  <testcase name="ingresarRUT" time="3.231" classname="scripts.caso0024_Iniciar_Llamada"/>
  <testcase name="cargarEvidencias" time="3.008" classname="scripts.caso0024_Iniciar_Llamada"/>
  <testcase name="finalizarLlamada" time="8.466" classname="scripts.caso0024_Iniciar_Llamada"/>
  <testcase name="guardarDatos" time="2.700" classname="scripts.caso0024_Iniciar_Llamada"/>
  <testcase name="cerrarSesion" time="5.873" classname="scripts.caso0024_Iniciar_Llamada"/>
  <testcase name="iniciandoLlamada" time="10.382" classname="scripts.caso0024_Iniciar_Llamada"/>
</testsuite> <!-- scripts.caso0024_Iniciar_Llamada -->
