<?xml version="1.0" encoding="UTF-8"?>
<!-- Generated by org.testng.reporters.JUnitReportReporter -->
<testsuite hostname="MacBook-Pro-de-Pablo.local" name="scripts.caso0023_Acutalizar_Browser_en_pantalla_bienvenido" tests="4" failures="0" timestamp="19 Aug 2019 15:44:17 GMT" time="19.242" errors="0">
  <testcase name="ingresarRUT" time="3.250" classname="scripts.caso0023_Acutalizar_Browser_en_pantalla_bienvenido"/>
  <testcase name="validarPagBienvenidos" time="7.600" classname="scripts.caso0023_Acutalizar_Browser_en_pantalla_bienvenido"/>
  <testcase name="cargarEvidencias" time="3.009" classname="scripts.caso0023_Acutalizar_Browser_en_pantalla_bienvenido"/>
  <testcase name="ingresarPASS" time="5.383" classname="scripts.caso0023_Acutalizar_Browser_en_pantalla_bienvenido"/>
</testsuite> <!-- scripts.caso0023_Acutalizar_Browser_en_pantalla_bienvenido -->
