<?xml version="1.0" encoding="UTF-8"?>
<!-- Generated by org.testng.reporters.JUnitReportReporter -->
<testsuite hostname="MacBook-Pro-de-Pablo.local" name="scripts.caso0007_Iniciar_Sesion_con_un_RUT_registrado_en_SalesForce_con_estado_distinto_a_Activo" tests="7" failures="0" timestamp="2 Sep 2019 15:58:37 GMT" time="32.869" errors="0">
  <testcase name="ingresarRUT" time="2.609" classname="scripts.caso0007_Iniciar_Sesion_con_un_RUT_registrado_en_SalesForce_con_estado_distinto_a_Activo"/>
  <testcase name="cerrarSesion" time="5.340" classname="scripts.caso0007_Iniciar_Sesion_con_un_RUT_registrado_en_SalesForce_con_estado_distinto_a_Activo"/>
  <testcase name="validarPagBienvenidos" time="2.667" classname="scripts.caso0007_Iniciar_Sesion_con_un_RUT_registrado_en_SalesForce_con_estado_distinto_a_Activo"/>
  <testcase name="cargarEvidencias" time="3.008" classname="scripts.caso0007_Iniciar_Sesion_con_un_RUT_registrado_en_SalesForce_con_estado_distinto_a_Activo"/>
  <testcase name="llamadorEsperandoLead" time="10.748" classname="scripts.caso0007_Iniciar_Sesion_con_un_RUT_registrado_en_SalesForce_con_estado_distinto_a_Activo"/>
  <testcase name="ingresarPASS" time="5.518" classname="scripts.caso0007_Iniciar_Sesion_con_un_RUT_registrado_en_SalesForce_con_estado_distinto_a_Activo"/>
  <testcase name="iniciarLlamador" time="2.979" classname="scripts.caso0007_Iniciar_Sesion_con_un_RUT_registrado_en_SalesForce_con_estado_distinto_a_Activo"/>
</testsuite> <!-- scripts.caso0007_Iniciar_Sesion_con_un_RUT_registrado_en_SalesForce_con_estado_distinto_a_Activo -->
