<?xml version="1.0" encoding="UTF-8"?>
<!-- Generated by org.testng.reporters.JUnitReportReporter -->
<testsuite hostname="MacBook-Pro-de-Pablo.local" name="scripts.caso0006_Rut_registrado_contraseña_no_valida" tests="3" failures="0" timestamp="16 Aug 2019 15:59:50 GMT" time="9.558" errors="0">
  <testcase name="ingresarRUT" time="3.195" classname="scripts.caso0006_Rut_registrado_contraseña_no_valida"/>
  <testcase name="cargarEvidencias" time="1.005" classname="scripts.caso0006_Rut_registrado_contraseña_no_valida"/>
  <testcase name="ingresarPASS" time="5.358" classname="scripts.caso0006_Rut_registrado_contraseña_no_valida"/>
</testsuite> <!-- scripts.caso0006_Rut_registrado_contraseña_no_valida -->
