<?xml version="1.0" encoding="UTF-8"?>
<!-- Generated by org.testng.reporters.JUnitReportReporter -->
<testsuite hostname="MacBook-Pro-de-Pablo.local" name="scripts.caso0023_Acutalizar_Browser_en_pantalla_bienvenido" tests="4" failures="0" timestamp="16 Aug 2019 14:53:13 GMT" time="16.518" errors="0">
  <testcase name="ingresarRUT" time="2.540" classname="scripts.caso0023_Acutalizar_Browser_en_pantalla_bienvenido"/>
  <testcase name="validarPagBienvenidos" time="7.590" classname="scripts.caso0023_Acutalizar_Browser_en_pantalla_bienvenido"/>
  <testcase name="ingresarPASS" time="5.383" classname="scripts.caso0023_Acutalizar_Browser_en_pantalla_bienvenido"/>
  <testcase name="cargarEvidencias" time="1.005" classname="scripts.caso0023_Acutalizar_Browser_en_pantalla_bienvenido"/>
</testsuite> <!-- scripts.caso0023_Acutalizar_Browser_en_pantalla_bienvenido -->
