<?xml version="1.0" encoding="UTF-8"?>
<!-- Generated by org.testng.reporters.JUnitReportReporter -->
<testsuite hostname="MacBook-Pro-de-Pablo.local" name="scripts.caso0001_Ingresar_con_un_RUT_que_no_cumpla_el_estandar_de_cedula_chilena" tests="2" failures="0" timestamp="4 Sep 2019 20:47:11 GMT" time="5.468" errors="0">
  <testcase name="cargarEvidencias" time="3.008" classname="scripts.caso0001_Ingresar_con_un_RUT_que_no_cumpla_el_estandar_de_cedula_chilena"/>
  <testcase name="ingresarRutInvalido" time="2.460" classname="scripts.caso0001_Ingresar_con_un_RUT_que_no_cumpla_el_estandar_de_cedula_chilena"/>
</testsuite> <!-- scripts.caso0001_Ingresar_con_un_RUT_que_no_cumpla_el_estandar_de_cedula_chilena -->
