<?xml version="1.0" encoding="UTF-8"?>
<!-- Generated by org.testng.reporters.JUnitReportReporter -->
<testsuite hostname="MacBook-Pro-de-Pablo.local" name="scripts.caso0024_Iniciar_Llamada" tests="10" failures="0" timestamp="12 Sep 2019 17:53:00 GMT" time="47.784" errors="0">
  <testcase name="ingresoDashboard" time="3.329" classname="scripts.caso0024_Iniciar_Llamada"/>
  <testcase name="seleccionDeEstadoCierre" time="3.128" classname="scripts.caso0024_Iniciar_Llamada"/>
  <testcase name="agregarNota" time="2.146" classname="scripts.caso0024_Iniciar_Llamada"/>
  <testcase name="ingresarPASS" time="5.348" classname="scripts.caso0024_Iniciar_Llamada"/>
  <testcase name="ingresarRUT" time="3.204" classname="scripts.caso0024_Iniciar_Llamada"/>
  <testcase name="cargarEvidencias" time="3.010" classname="scripts.caso0024_Iniciar_Llamada"/>
  <testcase name="finalizarLlamada" time="8.500" classname="scripts.caso0024_Iniciar_Llamada"/>
  <testcase name="guardarDatos" time="2.735" classname="scripts.caso0024_Iniciar_Llamada"/>
  <testcase name="cerrarSesion" time="5.986" classname="scripts.caso0024_Iniciar_Llamada"/>
  <testcase name="iniciandoLlamada" time="10.398" classname="scripts.caso0024_Iniciar_Llamada"/>
</testsuite> <!-- scripts.caso0024_Iniciar_Llamada -->
