<?xml version="1.0" encoding="UTF-8"?>
<!-- Generated by org.testng.reporters.JUnitReportReporter -->
<testsuite hostname="MacBook-Pro-de-Pablo.local" name="scripts.caso0008_Validar_Sesion_sin_ingresar_RUT" tests="2" failures="0" timestamp="2 Sep 2019 15:59:02 GMT" time="7.246" errors="0">
  <testcase name="cargarEvidencias" time="3.009" classname="scripts.caso0008_Validar_Sesion_sin_ingresar_RUT"/>
  <testcase name="ingresarSinRut" time="4.237" classname="scripts.caso0008_Validar_Sesion_sin_ingresar_RUT"/>
</testsuite> <!-- scripts.caso0008_Validar_Sesion_sin_ingresar_RUT -->
