<?xml version="1.0" encoding="UTF-8"?>
<!-- Generated by org.testng.reporters.JUnitReportReporter -->
<testsuite hostname="MacBook-Pro-de-Pablo.local" name="scripts.caso0004_Iniciar_Sesion_con_un_RUT_no_registrado_en_Cognito" tests="3" failures="0" timestamp="2 Sep 2019 15:55:13 GMT" time="11.711" errors="0">
  <testcase name="ingresarRUTnoCognito" time="3.286" classname="scripts.caso0004_Iniciar_Sesion_con_un_RUT_no_registrado_en_Cognito"/>
  <testcase name="cargarEvidencias" time="3.008" classname="scripts.caso0004_Iniciar_Sesion_con_un_RUT_no_registrado_en_Cognito"/>
  <testcase name="ingresarPASS" time="5.417" classname="scripts.caso0004_Iniciar_Sesion_con_un_RUT_no_registrado_en_Cognito"/>
</testsuite> <!-- scripts.caso0004_Iniciar_Sesion_con_un_RUT_no_registrado_en_Cognito -->
