<?xml version="1.0" encoding="UTF-8"?>
<!-- Generated by org.testng.reporters.JUnitReportReporter -->
<testsuite hostname="MacBook-Pro-de-Pablo.local" name="scripts.caso0000_Flujo_Completo" tests="20" failures="0" timestamp="9 Sep 2019 14:35:12 GMT" time="103.077" errors="0">
  <testcase name="enviarMensajeDuranteLlamada" time="7.845" classname="scripts.caso0000_Flujo_Completo"/>
  <testcase name="ingresarPASS" time="5.408" classname="scripts.caso0000_Flujo_Completo"/>
  <testcase name="ingresarRUT" time="3.251" classname="scripts.caso0000_Flujo_Completo"/>
  <testcase name="modificarDatosClienteAfpActual" time="5.195" classname="scripts.caso0000_Flujo_Completo"/>
  <testcase name="modificarDatosClienteTelefono" time="4.757" classname="scripts.caso0000_Flujo_Completo"/>
  <testcase name="guardarDatos" time="8.631" classname="scripts.caso0000_Flujo_Completo"/>
  <testcase name="modificarDatosClienteCorreo" time="4.710" classname="scripts.caso0000_Flujo_Completo"/>
  <testcase name="agregarNota" time="2.176" classname="scripts.caso0000_Flujo_Completo"/>
  <testcase name="modificarDatosClienteFDN" time="4.805" classname="scripts.caso0000_Flujo_Completo"/>
  <testcase name="modificarDatosClienteGenero" time="4.917" classname="scripts.caso0000_Flujo_Completo"/>
  <testcase name="modificarDatosClienteNombre" time="4.756" classname="scripts.caso0000_Flujo_Completo"/>
  <testcase name="iniciandoLlamada" time="10.438" classname="scripts.caso0000_Flujo_Completo"/>
  <testcase name="ingresoDashboard" time="3.410" classname="scripts.caso0000_Flujo_Completo"/>
  <testcase name="modificarDatosClienteApeliido" time="4.715" classname="scripts.caso0000_Flujo_Completo"/>
  <testcase name="finalizarLlamada" time="8.514" classname="scripts.caso0000_Flujo_Completo"/>
  <testcase name="cargarEvidencias" time="3.009" classname="scripts.caso0000_Flujo_Completo"/>
  <testcase name="modificarDatoClienteNombre" time="2.183" classname="scripts.caso0000_Flujo_Completo"/>
  <testcase name="seleccionDeEstadoCierre" time="3.411" classname="scripts.caso0000_Flujo_Completo"/>
  <testcase name="modificarDatosClienteRUT" time="4.789" classname="scripts.caso0000_Flujo_Completo"/>
  <testcase name="cerrarSesion" time="6.157" classname="scripts.caso0000_Flujo_Completo"/>
</testsuite> <!-- scripts.caso0000_Flujo_Completo -->
