<?xml version="1.0" encoding="UTF-8"?>
<!-- Generated by org.testng.reporters.JUnitReportReporter -->
<testsuite hostname="MacBook-Pro-de-Pablo.local" name="scripts.caso0001_Validar_valor_rut_invalido" tests="2" failures="0" timestamp="20 Aug 2019 19:01:18 GMT" time="5.485" errors="0">
  <testcase name="cargarEvidencias" time="3.006" classname="scripts.caso0001_Validar_valor_rut_invalido"/>
  <testcase name="ingresarRutInvalido" time="2.479" classname="scripts.caso0001_Validar_valor_rut_invalido"/>
</testsuite> <!-- scripts.caso0001_Validar_valor_rut_invalido -->
