<?xml version="1.0" encoding="UTF-8"?>
<!-- Generated by org.testng.reporters.JUnitReportReporter -->
<testsuite hostname="MacBook-Pro-de-Pablo.local" name="scripts.caso0068_Dejar_el_campo_fecha_de_nacimiento_vacio_y_guardar" tests="11" failures="0" timestamp="10 Sep 2019 15:28:07 GMT" time="48.499" errors="0">
  <testcase name="ingresoDashboard" time="3.281" classname="scripts.caso0068_Dejar_el_campo_fecha_de_nacimiento_vacio_y_guardar"/>
  <testcase name="modificarDatosClienteFDN" time="4.767" classname="scripts.caso0068_Dejar_el_campo_fecha_de_nacimiento_vacio_y_guardar"/>
  <testcase name="guardarDatos" time="2.773" classname="scripts.caso0068_Dejar_el_campo_fecha_de_nacimiento_vacio_y_guardar"/>
  <testcase name="cargarEvidencias" time="3.007" classname="scripts.caso0068_Dejar_el_campo_fecha_de_nacimiento_vacio_y_guardar"/>
  <testcase name="ingresarPASS" time="5.390" classname="scripts.caso0068_Dejar_el_campo_fecha_de_nacimiento_vacio_y_guardar"/>
  <testcase name="ingresarRUT" time="3.217" classname="scripts.caso0068_Dejar_el_campo_fecha_de_nacimiento_vacio_y_guardar"/>
  <testcase name="finalizarLlamada" time="8.475" classname="scripts.caso0068_Dejar_el_campo_fecha_de_nacimiento_vacio_y_guardar"/>
  <testcase name="agregarNota" time="2.233" classname="scripts.caso0068_Dejar_el_campo_fecha_de_nacimiento_vacio_y_guardar"/>
  <testcase name="cerrarSesion" time="5.970" classname="scripts.caso0068_Dejar_el_campo_fecha_de_nacimiento_vacio_y_guardar"/>
  <testcase name="seleccionDeEstadoCierre" time="3.407" classname="scripts.caso0068_Dejar_el_campo_fecha_de_nacimiento_vacio_y_guardar"/>
  <testcase name="iniciandoLlamada" time="5.979" classname="scripts.caso0068_Dejar_el_campo_fecha_de_nacimiento_vacio_y_guardar"/>
</testsuite> <!-- scripts.caso0068_Dejar_el_campo_fecha_de_nacimiento_vacio_y_guardar -->
