<?xml version="1.0" encoding="UTF-8"?>
<!-- Generated by org.testng.reporters.JUnitReportReporter -->
<testsuite hostname="MacBook-Pro-de-Pablo.local" name="scripts.caso0013_Iniciar_Sesion_por_primera_vez_a_Hooly_con_credenciales_correctas_con_un_token_distinto_de_salesforce" tests="6" failures="0" timestamp="5 Sep 2019 19:56:21 GMT" time="21.304" errors="0">
  <testcase name="ingresarRUT" time="3.144" classname="scripts.caso0013_Iniciar_Sesion_por_primera_vez_a_Hooly_con_credenciales_correctas_con_un_token_distinto_de_salesforce"/>
  <testcase name="actualizarDatosConSalesForce" time="6.145" classname="scripts.caso0013_Iniciar_Sesion_por_primera_vez_a_Hooly_con_credenciales_correctas_con_un_token_distinto_de_salesforce"/>
  <testcase name="modificarPassPrimeraVez" time="3.815" classname="scripts.caso0013_Iniciar_Sesion_por_primera_vez_a_Hooly_con_credenciales_correctas_con_un_token_distinto_de_salesforce"/>
  <testcase name="cargarEvidencias" time="3.005" classname="scripts.caso0013_Iniciar_Sesion_por_primera_vez_a_Hooly_con_credenciales_correctas_con_un_token_distinto_de_salesforce"/>
  <testcase name="ingresarPASS" time="2.439" classname="scripts.caso0013_Iniciar_Sesion_por_primera_vez_a_Hooly_con_credenciales_correctas_con_un_token_distinto_de_salesforce"/>
  <testcase name="cerrarCaso" time="2.756" classname="scripts.caso0013_Iniciar_Sesion_por_primera_vez_a_Hooly_con_credenciales_correctas_con_un_token_distinto_de_salesforce"/>
</testsuite> <!-- scripts.caso0013_Iniciar_Sesion_por_primera_vez_a_Hooly_con_credenciales_correctas_con_un_token_distinto_de_salesforce -->
