<?xml version="1.0" encoding="UTF-8"?>
<!-- Generated by org.testng.reporters.JUnitReportReporter -->
<testsuite hostname="MacBook-Pro-de-Pablo.local" name="scripts.caso0003_Iniciar_Sesion_con_un_RUT_no_registrado_en_Hooly" tests="3" failures="0" timestamp="2 Sep 2019 20:00:00 GMT" time="12.096" errors="0">
  <testcase name="ingresarRUTnoHooly" time="3.582" classname="scripts.caso0003_Iniciar_Sesion_con_un_RUT_no_registrado_en_Hooly"/>
  <testcase name="cargarEvidencias" time="3.005" classname="scripts.caso0003_Iniciar_Sesion_con_un_RUT_no_registrado_en_Hooly"/>
  <testcase name="ingresarPASS" time="5.509" classname="scripts.caso0003_Iniciar_Sesion_con_un_RUT_no_registrado_en_Hooly"/>
</testsuite> <!-- scripts.caso0003_Iniciar_Sesion_con_un_RUT_no_registrado_en_Hooly -->
