<?xml version="1.0" encoding="UTF-8"?>
<!-- Generated by org.testng.reporters.JUnitReportReporter -->
<testsuite hostname="MacBook-Pro-de-Pablo.local" name="scripts.caso0077_Actualizar_nombre_de_cliente_formato_correcto" tests="11" failures="0" timestamp="10 Sep 2019 17:13:16 GMT" time="44.162" errors="0">
  <testcase name="ingresoDashboard" time="3.290" classname="scripts.caso0077_Actualizar_nombre_de_cliente_formato_correcto"/>
  <testcase name="modificarDatosClienteNombre" time="4.747" classname="scripts.caso0077_Actualizar_nombre_de_cliente_formato_correcto"/>
  <testcase name="agregarNota" time="2.218" classname="scripts.caso0077_Actualizar_nombre_de_cliente_formato_correcto"/>
  <testcase name="ingresarPASS" time="5.374" classname="scripts.caso0077_Actualizar_nombre_de_cliente_formato_correcto"/>
  <testcase name="ingresarRUT" time="3.219" classname="scripts.caso0077_Actualizar_nombre_de_cliente_formato_correcto"/>
  <testcase name="finalizarLlamada" time="4.496" classname="scripts.caso0077_Actualizar_nombre_de_cliente_formato_correcto"/>
  <testcase name="seleccionDeEstadoCierre" time="3.151" classname="scripts.caso0077_Actualizar_nombre_de_cliente_formato_correcto"/>
  <testcase name="cerrarSesion" time="5.971" classname="scripts.caso0077_Actualizar_nombre_de_cliente_formato_correcto"/>
  <testcase name="cargarEvidencias" time="3.009" classname="scripts.caso0077_Actualizar_nombre_de_cliente_formato_correcto"/>
  <testcase name="guardarDatos" time="2.767" classname="scripts.caso0077_Actualizar_nombre_de_cliente_formato_correcto"/>
  <testcase name="iniciandoLlamada" time="5.920" classname="scripts.caso0077_Actualizar_nombre_de_cliente_formato_correcto"/>
</testsuite> <!-- scripts.caso0077_Actualizar_nombre_de_cliente_formato_correcto -->
