<?xml version="1.0" encoding="UTF-8"?>
<!-- Generated by org.testng.reporters.JUnitReportReporter -->
<testsuite hostname="MacBook-Pro-de-Pablo.local" name="scripts.caso0051_Actualizar_nombre_de_cliente_durante_llamada_formato_correcto" tests="11" failures="0" timestamp="9 Sep 2019 21:06:43 GMT" time="47.756" errors="0">
  <testcase name="ingresoDashboard" time="3.208" classname="scripts.caso0051_Actualizar_nombre_de_cliente_durante_llamada_formato_correcto"/>
  <testcase name="finalizarLlamada" time="8.417" classname="scripts.caso0051_Actualizar_nombre_de_cliente_durante_llamada_formato_correcto"/>
  <testcase name="agregarNota" time="2.110" classname="scripts.caso0051_Actualizar_nombre_de_cliente_durante_llamada_formato_correcto"/>
  <testcase name="ingresarPASS" time="5.308" classname="scripts.caso0051_Actualizar_nombre_de_cliente_durante_llamada_formato_correcto"/>
  <testcase name="ingresarRUT" time="3.158" classname="scripts.caso0051_Actualizar_nombre_de_cliente_durante_llamada_formato_correcto"/>
  <testcase name="modificarDatosClienteNombre" time="4.703" classname="scripts.caso0051_Actualizar_nombre_de_cliente_durante_llamada_formato_correcto"/>
  <testcase name="seleccionDeEstadoCierre" time="3.345" classname="scripts.caso0051_Actualizar_nombre_de_cliente_durante_llamada_formato_correcto"/>
  <testcase name="cerrarSesion" time="5.863" classname="scripts.caso0051_Actualizar_nombre_de_cliente_durante_llamada_formato_correcto"/>
  <testcase name="cargarEvidencias" time="3.009" classname="scripts.caso0051_Actualizar_nombre_de_cliente_durante_llamada_formato_correcto"/>
  <testcase name="guardarDatos" time="2.737" classname="scripts.caso0051_Actualizar_nombre_de_cliente_durante_llamada_formato_correcto"/>
  <testcase name="iniciandoLlamada" time="5.898" classname="scripts.caso0051_Actualizar_nombre_de_cliente_durante_llamada_formato_correcto"/>
</testsuite> <!-- scripts.caso0051_Actualizar_nombre_de_cliente_durante_llamada_formato_correcto -->
