<?xml version="1.0" encoding="UTF-8"?>
<!-- Generated by org.testng.reporters.JUnitReportReporter -->
<testsuite hostname="MacBook-Pro-de-Pablo.local" name="scripts.caso0002_Iniciar_Sesion_con_un_RUT_no_registrado_en_salesforce" tests="3" failures="0" timestamp="2 Sep 2019 15:54:14 GMT" time="11.826" errors="0">
  <testcase name="ingresarRUTnoSalesForce" time="3.254" classname="scripts.caso0002_Iniciar_Sesion_con_un_RUT_no_registrado_en_salesforce"/>
  <testcase name="cargarEvidencias" time="3.008" classname="scripts.caso0002_Iniciar_Sesion_con_un_RUT_no_registrado_en_salesforce"/>
  <testcase name="ingresarPASS" time="5.564" classname="scripts.caso0002_Iniciar_Sesion_con_un_RUT_no_registrado_en_salesforce"/>
</testsuite> <!-- scripts.caso0002_Iniciar_Sesion_con_un_RUT_no_registrado_en_salesforce -->
