<?xml version="1.0" encoding="UTF-8"?>
<!-- Generated by org.testng.reporters.JUnitReportReporter -->
<testsuite hostname="MacBook-Pro-de-Pablo.local" name="scripts.caso0002_Rut_no_registrado_SalesForce" tests="3" failures="0" timestamp="26 Aug 2019 15:52:52 GMT" time="11.726" errors="0">
  <testcase name="ingresarRUTnoSalesForce" time="3.251" classname="scripts.caso0002_Rut_no_registrado_SalesForce"/>
  <testcase name="cargarEvidencias" time="3.008" classname="scripts.caso0002_Rut_no_registrado_SalesForce"/>
  <testcase name="ingresarPASS" time="5.467" classname="scripts.caso0002_Rut_no_registrado_SalesForce"/>
</testsuite> <!-- scripts.caso0002_Rut_no_registrado_SalesForce -->
