<?xml version="1.0" encoding="UTF-8"?>
<!-- Generated by org.testng.reporters.JUnitReportReporter -->
<testsuite hostname="MacBook-Pro-de-Pablo.local" name="scripts.caso0107_Seleccionar_Estado_No_Contactado_Ingresar_Nota_y_guardar" tests="10" failures="0" timestamp="12 Sep 2019 18:10:54 GMT" time="48.051" errors="0">
  <testcase name="ingresoDashboard" time="3.295" classname="scripts.caso0107_Seleccionar_Estado_No_Contactado_Ingresar_Nota_y_guardar"/>
  <testcase name="seleccionDeEstadoCierre" time="3.455" classname="scripts.caso0107_Seleccionar_Estado_No_Contactado_Ingresar_Nota_y_guardar"/>
  <testcase name="agregarNota" time="2.149" classname="scripts.caso0107_Seleccionar_Estado_No_Contactado_Ingresar_Nota_y_guardar"/>
  <testcase name="ingresarPASS" time="5.356" classname="scripts.caso0107_Seleccionar_Estado_No_Contactado_Ingresar_Nota_y_guardar"/>
  <testcase name="ingresarRUT" time="3.199" classname="scripts.caso0107_Seleccionar_Estado_No_Contactado_Ingresar_Nota_y_guardar"/>
  <testcase name="cargarEvidencias" time="3.010" classname="scripts.caso0107_Seleccionar_Estado_No_Contactado_Ingresar_Nota_y_guardar"/>
  <testcase name="finalizarLlamada" time="8.459" classname="scripts.caso0107_Seleccionar_Estado_No_Contactado_Ingresar_Nota_y_guardar"/>
  <testcase name="guardarDatos" time="2.728" classname="scripts.caso0107_Seleccionar_Estado_No_Contactado_Ingresar_Nota_y_guardar"/>
  <testcase name="cerrarSesion" time="6.004" classname="scripts.caso0107_Seleccionar_Estado_No_Contactado_Ingresar_Nota_y_guardar"/>
  <testcase name="iniciandoLlamada" time="10.396" classname="scripts.caso0107_Seleccionar_Estado_No_Contactado_Ingresar_Nota_y_guardar"/>
</testsuite> <!-- scripts.caso0107_Seleccionar_Estado_No_Contactado_Ingresar_Nota_y_guardar -->
