<?xml version="1.0" encoding="UTF-8"?>
<!-- Generated by org.testng.reporters.JUnitReportReporter -->
<testsuite hostname="MacBook-Pro-de-Pablo.local" name="scripts.caso0004_Rut_no_registrado_Cognito" tests="3" failures="0" timestamp="14 Aug 2019 15:13:20 GMT" time="9.128" errors="0">
  <testcase name="ingresarRUTnoCognito" time="2.648" classname="scripts.caso0004_Rut_no_registrado_Cognito"/>
  <testcase name="ingresarPASS" time="5.478" classname="scripts.caso0004_Rut_no_registrado_Cognito"/>
  <testcase name="cargarEvidencias" time="1.002" classname="scripts.caso0004_Rut_no_registrado_Cognito"/>
</testsuite> <!-- scripts.caso0004_Rut_no_registrado_Cognito -->
