<?xml version="1.0" encoding="UTF-8"?>
<!-- Generated by org.testng.reporters.JUnitReportReporter -->
<testsuite hostname="MacBook-Pro-de-Pablo.local" name="scripts.caso0003_Rut_no_registrado_Hooly" tests="3" failures="0" timestamp="14 Aug 2019 15:13:20 GMT" time="9.130" errors="0">
  <testcase name="ingresarRUTnoHooly" time="2.660" classname="scripts.caso0003_Rut_no_registrado_Hooly"/>
  <testcase name="ingresarPASS" time="5.464" classname="scripts.caso0003_Rut_no_registrado_Hooly"/>
  <testcase name="cargarEvidencias" time="1.006" classname="scripts.caso0003_Rut_no_registrado_Hooly"/>
</testsuite> <!-- scripts.caso0003_Rut_no_registrado_Hooly -->
