<?xml version="1.0" encoding="UTF-8"?>
<!-- Generated by org.testng.reporters.JUnitReportReporter -->
<testsuite hostname="MacBook-Pro-de-Pablo.local" name="scripts.caso0059_Actualizar_selecciona_tu_afp_actual_durante_la_llamada_formato_correcto" tests="11" failures="0" timestamp="9 Sep 2019 21:26:05 GMT" time="48.134" errors="0">
  <testcase name="ingresoDashboard" time="3.200" classname="scripts.caso0059_Actualizar_selecciona_tu_afp_actual_durante_la_llamada_formato_correcto"/>
  <testcase name="finalizarLlamada" time="5.454" classname="scripts.caso0059_Actualizar_selecciona_tu_afp_actual_durante_la_llamada_formato_correcto"/>
  <testcase name="agregarNota" time="2.168" classname="scripts.caso0059_Actualizar_selecciona_tu_afp_actual_durante_la_llamada_formato_correcto"/>
  <testcase name="ingresarPASS" time="5.364" classname="scripts.caso0059_Actualizar_selecciona_tu_afp_actual_durante_la_llamada_formato_correcto"/>
  <testcase name="ingresarRUT" time="3.210" classname="scripts.caso0059_Actualizar_selecciona_tu_afp_actual_durante_la_llamada_formato_correcto"/>
  <testcase name="modificarDatosClienteAfpActual" time="5.249" classname="scripts.caso0059_Actualizar_selecciona_tu_afp_actual_durante_la_llamada_formato_correcto"/>
  <testcase name="seleccionDeEstadoCierre" time="3.337" classname="scripts.caso0059_Actualizar_selecciona_tu_afp_actual_durante_la_llamada_formato_correcto"/>
  <testcase name="cerrarSesion" time="5.928" classname="scripts.caso0059_Actualizar_selecciona_tu_afp_actual_durante_la_llamada_formato_correcto"/>
  <testcase name="cargarEvidencias" time="3.010" classname="scripts.caso0059_Actualizar_selecciona_tu_afp_actual_durante_la_llamada_formato_correcto"/>
  <testcase name="guardarDatos" time="2.748" classname="scripts.caso0059_Actualizar_selecciona_tu_afp_actual_durante_la_llamada_formato_correcto"/>
  <testcase name="iniciandoLlamada" time="8.466" classname="scripts.caso0059_Actualizar_selecciona_tu_afp_actual_durante_la_llamada_formato_correcto"/>
</testsuite> <!-- scripts.caso0059_Actualizar_selecciona_tu_afp_actual_durante_la_llamada_formato_correcto -->
