<?xml version="1.0" encoding="UTF-8"?>
<!-- Generated by org.testng.reporters.JUnitReportReporter -->
<testsuite hostname="MacBook-Pro-de-Pablo.local" name="scripts.caso0026_Cambiar_a_estado_Almuerzo" tests="6" failures="0" timestamp="6 Sep 2019 16:25:05 GMT" time="25.575" errors="0">
  <testcase name="ingresarRUT" time="3.152" classname="scripts.caso0026_Cambiar_a_estado_Almuerzo"/>
  <testcase name="cambioEstadoAlmuerzo" time="4.927" classname="scripts.caso0026_Cambiar_a_estado_Almuerzo"/>
  <testcase name="cerrarSesion" time="4.637" classname="scripts.caso0026_Cambiar_a_estado_Almuerzo"/>
  <testcase name="cargarEvidencias" time="3.007" classname="scripts.caso0026_Cambiar_a_estado_Almuerzo"/>
  <testcase name="ingresarPASS" time="5.324" classname="scripts.caso0026_Cambiar_a_estado_Almuerzo"/>
  <testcase name="validarPagBienvenidos" time="4.528" classname="scripts.caso0026_Cambiar_a_estado_Almuerzo"/>
</testsuite> <!-- scripts.caso0026_Cambiar_a_estado_Almuerzo -->
