<?xml version="1.0" encoding="UTF-8"?>
<!-- Generated by org.testng.reporters.JUnitReportReporter -->
<testsuite hostname="MacBook-Pro-de-Pablo.local" name="scripts.caso0076_Re_enviar_SMS_a_telefono_modificado" tests="10" failures="0" timestamp="10 Sep 2019 17:09:03 GMT" time="63.065" errors="0">
  <testcase name="validarPagBienvenidos" time="12.176" classname="scripts.caso0076_Re_enviar_SMS_a_telefono_modificado"/>
  <testcase name="ingresarPASS" time="5.384" classname="scripts.caso0076_Re_enviar_SMS_a_telefono_modificado"/>
  <testcase name="ingresarRUT" time="3.181" classname="scripts.caso0076_Re_enviar_SMS_a_telefono_modificado"/>
  <testcase name="reEnviarSMSTelefonoModificado" time="8.024" classname="scripts.caso0076_Re_enviar_SMS_a_telefono_modificado"/>
  <testcase name="cargarEvidencias" time="3.009" classname="scripts.caso0076_Re_enviar_SMS_a_telefono_modificado"/>
  <testcase name="cancelarLlamada" time="3.820" classname="scripts.caso0076_Re_enviar_SMS_a_telefono_modificado"/>
  <testcase name="enviarSMS" time="8.008" classname="scripts.caso0076_Re_enviar_SMS_a_telefono_modificado"/>
  <testcase name="modificarDatosClienteTelefono" time="4.725" classname="scripts.caso0076_Re_enviar_SMS_a_telefono_modificado"/>
  <testcase name="enviarSMSTelefonoModificado" time="9.963" classname="scripts.caso0076_Re_enviar_SMS_a_telefono_modificado"/>
  <testcase name="cerrarSesion" time="4.775" classname="scripts.caso0076_Re_enviar_SMS_a_telefono_modificado"/>
</testsuite> <!-- scripts.caso0076_Re_enviar_SMS_a_telefono_modificado -->
